0 info it worked if it ends with ok
1 verbose cli [ '/usr/local/Cellar/node/7.4.0/bin/node',
1 verbose cli   '/usr/local/bin/npm',
1 verbose cli   'start' ]
2 info using npm@4.0.5
3 info using node@v7.4.0
4 verbose run-script [ 'prestart', 'start', 'poststart' ]
5 info lifecycle bluthbot@0.0.1~prestart: bluthbot@0.0.1
6 silly lifecycle bluthbot@0.0.1~prestart: no script for prestart, continuing
7 info lifecycle bluthbot@0.0.1~start: bluthbot@0.0.1
8 verbose lifecycle bluthbot@0.0.1~start: unsafe-perm in lifecycle true
9 verbose lifecycle bluthbot@0.0.1~start: PATH: /usr/local/lib/node_modules/npm/bin/node-gyp-bin:/Users/jesstan/Documents/Projects/BluthBot/node_modules/.bin:/Users/jesstan/.rvm/gems/ruby-2.2.0/bin:/Users/jesstan/.rvm/gems/ruby-2.2.0@global/bin:/Users/jesstan/.rvm/rubies/ruby-2.2.0/bin:/Library/Frameworks/Python.framework/Versions/3.4/bin:/usr/local/bin:/usr/bin:/bin:/usr/sbin:/sbin:/Users/jesstan/.rvm/bin
10 verbose lifecycle bluthbot@0.0.1~start: CWD: /Users/jesstan/Documents/Projects/BluthBot
11 silly lifecycle bluthbot@0.0.1~start: Args: [ '-c', 'node bluthbot.js' ]
12 silly lifecycle bluthbot@0.0.1~start: Returned: code: 1  signal: null
13 info lifecycle bluthbot@0.0.1~start: Failed to exec start script
14 verbose stack Error: bluthbot@0.0.1 start: `node bluthbot.js`
14 verbose stack Exit status 1
14 verbose stack     at EventEmitter.<anonymous> (/usr/local/lib/node_modules/npm/lib/utils/lifecycle.js:279:16)
14 verbose stack     at emitTwo (events.js:106:13)
14 verbose stack     at EventEmitter.emit (events.js:191:7)
14 verbose stack     at ChildProcess.<anonymous> (/usr/local/lib/node_modules/npm/lib/utils/spawn.js:40:14)
14 verbose stack     at emitTwo (events.js:106:13)
14 verbose stack     at ChildProcess.emit (events.js:191:7)
14 verbose stack     at maybeClose (internal/child_process.js:885:16)
14 verbose stack     at Process.ChildProcess._handle.onexit (internal/child_process.js:226:5)
15 verbose pkgid bluthbot@0.0.1
16 verbose cwd /Users/jesstan/Documents/Projects/BluthBot
17 error Darwin 16.3.0
18 error argv "/usr/local/Cellar/node/7.4.0/bin/node" "/usr/local/bin/npm" "start"
19 error node v7.4.0
20 error npm  v4.0.5
21 error code ELIFECYCLE
22 error bluthbot@0.0.1 start: `node bluthbot.js`
22 error Exit status 1
23 error Failed at the bluthbot@0.0.1 start script 'node bluthbot.js'.
23 error Make sure you have the latest version of node.js and npm installed.
23 error If you do, this is most likely a problem with the bluthbot package,
23 error not with npm itself.
23 error Tell the author that this fails on your system:
23 error     node bluthbot.js
23 error You can get information on how to open an issue for this project with:
23 error     npm bugs bluthbot
23 error Or if that isn't available, you can get their info via:
23 error     npm owner ls bluthbot
23 error There is likely additional logging output above.
24 verbose exit [ 1, true ]
